<?xml version="1.0" encoding="UTF-8"?>
<!-- Generated by org.testng.reporters.JUnitXMLReporter -->
<testsuite ignored="0" hostname="Swaru" failures="0" tests="6" name="Test" time="4.068" errors="0" timestamp="2023-02-23T17:51:44 IST">
  <testcase classname="facegenieTesting.testLoginFacegenie" name="setupDriver" time="2.808"/>
  <testcase classname="facegenieTesting.testLoginFacegenie" name="Loginwithvalid_validCredintials" time="0.372"/>
  <testcase classname="facegenieTesting.testLoginFacegenie" name="LoginWithValid_InvaliCredintials" time="0.167"/>
  <testcase classname="facegenieTesting.testLoginFacegenie" name="LoginWithInValid_validCredintials" time="0.171"/>
  <testcase classname="facegenieTesting.testLoginFacegenie" name="LoginWithInValid_InvalidCredintials" time="0.152"/>
  <testcase classname="facegenieTesting.testLoginFacegenie" name="quitBrowser" time="0.332"/>
</testsuite> <!-- Test -->
