<?xml version="1.0" encoding="UTF-8"?>
<testng-results ignored="0" total="5" passed="4" failed="1" skipped="0">
  <reporter-output>
  </reporter-output>
  <suite started-at="2023-02-23T23:24:56 IST" name="Default suite" finished-at="2023-02-23T23:25:28 IST" duration-ms="31396">
    <groups>
    </groups>
    <test started-at="2023-02-23T23:24:56 IST" name="Default test" finished-at="2023-02-23T23:25:28 IST" duration-ms="31396">
      <class name="facegenieTesting.testLoginFacegenie">
        <test-method is-config="true" signature="setupDriver()[pri:0, instance:facegenieTesting.testLoginFacegenie@2ed2d9cb]" started-at="2023-02-23T23:24:56 IST" name="setupDriver" finished-at="2023-02-23T23:24:58 IST" duration-ms="2075" status="PASS">
          <reporter-output>
          </reporter-output>
        </test-method> <!-- setupDriver -->
        <test-method signature="testlogout()[pri:0, instance:facegenieTesting.testLoginFacegenie@2ed2d9cb]" started-at="2023-02-23T23:24:58 IST" name="testlogout" finished-at="2023-02-23T23:25:19 IST" duration-ms="20070" status="FAIL">
          <exception class="org.openqa.selenium.NoSuchElementException">
            <message>
              <![CDATA[no such element: Unable to locate element: {"method":"xpath","selector":"/html/body/div/div/div[1]/div/div/div/div/nav/div[7]/div[2]/span"}
  (Session info: chrome=110.0.5481.104)
For documentation on this error, please visit: https://www.seleniumhq.org/exceptions/no_such_element.html
Build info: version: '3.141.59', revision: 'e82be7d358', time: '2018-11-14T08:25:48'
System info: host: 'SWARU', ip: '192.168.0.167', os.name: 'Windows 11', os.arch: 'amd64', os.version: '10.0', java.version: '17.0.4.1'
Driver info: org.openqa.selenium.chrome.ChromeDriver
Capabilities {acceptInsecureCerts: false, browserName: chrome, browserVersion: 110.0.5481.104, chrome: {chromedriverVersion: 110.0.5481.77 (65ed616c6e8e..., userDataDir: C:\Users\laksh\AppData\Loca...}, goog:chromeOptions: {debuggerAddress: localhost:62405}, javascriptEnabled: true, networkConnectionEnabled: false, pageLoadStrategy: normal, platform: WINDOWS, platformName: WINDOWS, proxy: Proxy(), setWindowRect: true, strictFileInteractability: false, timeouts: {implicit: 0, pageLoad: 300000, script: 30000}, unhandledPromptBehavior: dismiss and notify, webauthn:extension:credBlob: true, webauthn:extension:largeBlob: true, webauthn:virtualAuthenticators: true}
Session ID: bf4d05006e58c3ddcebb861539e14b5c
*** Element info: {Using=xpath, value=/html/body/div/div/div[1]/div/div/div/div/nav/div[7]/div[2]/span}]]>
            </message>
            <full-stacktrace>
              <![CDATA[org.openqa.selenium.NoSuchElementException: no such element: Unable to locate element: {"method":"xpath","selector":"/html/body/div/div/div[1]/div/div/div/div/nav/div[7]/div[2]/span"}
  (Session info: chrome=110.0.5481.104)
For documentation on this error, please visit: https://www.seleniumhq.org/exceptions/no_such_element.html
Build info: version: '3.141.59', revision: 'e82be7d358', time: '2018-11-14T08:25:48'
System info: host: 'SWARU', ip: '192.168.0.167', os.name: 'Windows 11', os.arch: 'amd64', os.version: '10.0', java.version: '17.0.4.1'
Driver info: org.openqa.selenium.chrome.ChromeDriver
Capabilities {acceptInsecureCerts: false, browserName: chrome, browserVersion: 110.0.5481.104, chrome: {chromedriverVersion: 110.0.5481.77 (65ed616c6e8e..., userDataDir: C:\Users\laksh\AppData\Loca...}, goog:chromeOptions: {debuggerAddress: localhost:62405}, javascriptEnabled: true, networkConnectionEnabled: false, pageLoadStrategy: normal, platform: WINDOWS, platformName: WINDOWS, proxy: Proxy(), setWindowRect: true, strictFileInteractability: false, timeouts: {implicit: 0, pageLoad: 300000, script: 30000}, unhandledPromptBehavior: dismiss and notify, webauthn:extension:credBlob: true, webauthn:extension:largeBlob: true, webauthn:virtualAuthenticators: true}
Session ID: bf4d05006e58c3ddcebb861539e14b5c
*** Element info: {Using=xpath, value=/html/body/div/div/div[1]/div/div/div/div/nav/div[7]/div[2]/span}
at java.base/jdk.internal.reflect.NativeConstructorAccessorImpl.newInstance0(Native Method)
at java.base/jdk.internal.reflect.NativeConstructorAccessorImpl.newInstance(NativeConstructorAccessorImpl.java:77)
at java.base/jdk.internal.reflect.DelegatingConstructorAccessorImpl.newInstance(DelegatingConstructorAccessorImpl.java:45)
at java.base/java.lang.reflect.Constructor.newInstanceWithCaller(Constructor.java:499)
at java.base/java.lang.reflect.Constructor.newInstance(Constructor.java:480)
at org.openqa.selenium.remote.http.W3CHttpResponseCodec.createException(W3CHttpResponseCodec.java:187)
at org.openqa.selenium.remote.http.W3CHttpResponseCodec.decode(W3CHttpResponseCodec.java:122)
at org.openqa.selenium.remote.http.W3CHttpResponseCodec.decode(W3CHttpResponseCodec.java:49)
at org.openqa.selenium.remote.HttpCommandExecutor.execute(HttpCommandExecutor.java:158)
at org.openqa.selenium.remote.service.DriverCommandExecutor.execute(DriverCommandExecutor.java:83)
at org.openqa.selenium.remote.RemoteWebDriver.execute(RemoteWebDriver.java:552)
at org.openqa.selenium.remote.RemoteWebDriver.findElement(RemoteWebDriver.java:323)
at org.openqa.selenium.remote.RemoteWebDriver.findElementByXPath(RemoteWebDriver.java:428)
at org.openqa.selenium.By$ByXPath.findElement(By.java:353)
at org.openqa.selenium.remote.RemoteWebDriver.findElement(RemoteWebDriver.java:315)
at facegenieTesting.testLoginFacegenie.testlogout(testLoginFacegenie.java:90)
at java.base/jdk.internal.reflect.NativeMethodAccessorImpl.invoke0(Native Method)
at java.base/jdk.internal.reflect.NativeMethodAccessorImpl.invoke(NativeMethodAccessorImpl.java:77)
at java.base/jdk.internal.reflect.DelegatingMethodAccessorImpl.invoke(DelegatingMethodAccessorImpl.java:43)
at java.base/java.lang.reflect.Method.invoke(Method.java:568)
at org.testng.internal.invokers.MethodInvocationHelper.invokeMethod(MethodInvocationHelper.java:139)
at org.testng.internal.invokers.TestInvoker.invokeMethod(TestInvoker.java:677)
at org.testng.internal.invokers.TestInvoker.invokeTestMethod(TestInvoker.java:221)
at org.testng.internal.invokers.MethodRunner.runInSequence(MethodRunner.java:50)
at org.testng.internal.invokers.TestInvoker$MethodInvocationAgent.invoke(TestInvoker.java:962)
at org.testng.internal.invokers.TestInvoker.invokeTestMethods(TestInvoker.java:194)
at org.testng.internal.invokers.TestMethodWorker.invokeTestMethods(TestMethodWorker.java:148)
at org.testng.internal.invokers.TestMethodWorker.run(TestMethodWorker.java:128)
at java.base/java.util.ArrayList.forEach(ArrayList.java:1511)
at org.testng.TestRunner.privateRun(TestRunner.java:806)
at org.testng.TestRunner.run(TestRunner.java:601)
at org.testng.SuiteRunner.runTest(SuiteRunner.java:433)
at org.testng.SuiteRunner.runSequentially(SuiteRunner.java:427)
at org.testng.SuiteRunner.privateRun(SuiteRunner.java:387)
at org.testng.SuiteRunner.run(SuiteRunner.java:330)
at org.testng.SuiteRunnerWorker.runSuite(SuiteRunnerWorker.java:52)
at org.testng.SuiteRunnerWorker.run(SuiteRunnerWorker.java:95)
at org.testng.TestNG.runSuitesSequentially(TestNG.java:1256)
at org.testng.TestNG.runSuitesLocally(TestNG.java:1176)
at org.testng.TestNG.runSuites(TestNG.java:1099)
at org.testng.TestNG.run(TestNG.java:1067)
at org.testng.remote.AbstractRemoteTestNG.run(AbstractRemoteTestNG.java:115)
at org.testng.remote.RemoteTestNG.initAndRun(RemoteTestNG.java:251)
at org.testng.remote.RemoteTestNG.main(RemoteTestNG.java:77)
]]>
            </full-stacktrace>
          </exception> <!-- org.openqa.selenium.NoSuchElementException -->
          <reporter-output>
          </reporter-output>
        </test-method> <!-- testlogout -->
        <test-method is-config="true" signature="quitBrowser()[pri:0, instance:facegenieTesting.testLoginFacegenie@2ed2d9cb]" started-at="2023-02-23T23:25:19 IST" name="quitBrowser" finished-at="2023-02-23T23:25:19 IST" duration-ms="267" status="PASS">
          <reporter-output>
          </reporter-output>
        </test-method> <!-- quitBrowser -->
        <test-method is-config="true" signature="setupDriver()[pri:0, instance:facegenieTesting.testLoginFacegenie@2ed2d9cb]" started-at="2023-02-23T23:25:19 IST" name="setupDriver" finished-at="2023-02-23T23:25:21 IST" duration-ms="1718" status="PASS">
          <reporter-output>
          </reporter-output>
        </test-method> <!-- setupDriver -->
        <test-method signature="Loginwithvalid_validCredintials()[pri:1, instance:facegenieTesting.testLoginFacegenie@2ed2d9cb]" started-at="2023-02-23T23:25:21 IST" name="Loginwithvalid_validCredintials" finished-at="2023-02-23T23:25:21 IST" duration-ms="325" status="PASS">
          <reporter-output>
          </reporter-output>
        </test-method> <!-- Loginwithvalid_validCredintials -->
        <test-method is-config="true" signature="quitBrowser()[pri:0, instance:facegenieTesting.testLoginFacegenie@2ed2d9cb]" started-at="2023-02-23T23:25:21 IST" name="quitBrowser" finished-at="2023-02-23T23:25:21 IST" duration-ms="232" status="PASS">
          <reporter-output>
          </reporter-output>
        </test-method> <!-- quitBrowser -->
        <test-method is-config="true" signature="setupDriver()[pri:0, instance:facegenieTesting.testLoginFacegenie@2ed2d9cb]" started-at="2023-02-23T23:25:21 IST" name="setupDriver" finished-at="2023-02-23T23:25:23 IST" duration-ms="1755" status="PASS">
          <reporter-output>
          </reporter-output>
        </test-method> <!-- setupDriver -->
        <test-method signature="LoginWithValid_InvaliCredintials()[pri:2, instance:facegenieTesting.testLoginFacegenie@2ed2d9cb]" started-at="2023-02-23T23:25:23 IST" name="LoginWithValid_InvaliCredintials" finished-at="2023-02-23T23:25:23 IST" duration-ms="267" status="PASS">
          <reporter-output>
          </reporter-output>
        </test-method> <!-- LoginWithValid_InvaliCredintials -->
        <test-method is-config="true" signature="quitBrowser()[pri:0, instance:facegenieTesting.testLoginFacegenie@2ed2d9cb]" started-at="2023-02-23T23:25:23 IST" name="quitBrowser" finished-at="2023-02-23T23:25:23 IST" duration-ms="222" status="PASS">
          <reporter-output>
          </reporter-output>
        </test-method> <!-- quitBrowser -->
        <test-method is-config="true" signature="setupDriver()[pri:0, instance:facegenieTesting.testLoginFacegenie@2ed2d9cb]" started-at="2023-02-23T23:25:23 IST" name="setupDriver" finished-at="2023-02-23T23:25:25 IST" duration-ms="1807" status="PASS">
          <reporter-output>
          </reporter-output>
        </test-method> <!-- setupDriver -->
        <test-method signature="LoginWithInValid_validCredintials()[pri:3, instance:facegenieTesting.testLoginFacegenie@2ed2d9cb]" started-at="2023-02-23T23:25:25 IST" name="LoginWithInValid_validCredintials" finished-at="2023-02-23T23:25:25 IST" duration-ms="266" status="PASS">
          <reporter-output>
          </reporter-output>
        </test-method> <!-- LoginWithInValid_validCredintials -->
        <test-method is-config="true" signature="quitBrowser()[pri:0, instance:facegenieTesting.testLoginFacegenie@2ed2d9cb]" started-at="2023-02-23T23:25:25 IST" name="quitBrowser" finished-at="2023-02-23T23:25:26 IST" duration-ms="220" status="PASS">
          <reporter-output>
          </reporter-output>
        </test-method> <!-- quitBrowser -->
        <test-method is-config="true" signature="setupDriver()[pri:0, instance:facegenieTesting.testLoginFacegenie@2ed2d9cb]" started-at="2023-02-23T23:25:26 IST" name="setupDriver" finished-at="2023-02-23T23:25:27 IST" duration-ms="1628" status="PASS">
          <reporter-output>
          </reporter-output>
        </test-method> <!-- setupDriver -->
        <test-method signature="LoginWithInValid_InvalidCredintials()[pri:4, instance:facegenieTesting.testLoginFacegenie@2ed2d9cb]" started-at="2023-02-23T23:25:27 IST" name="LoginWithInValid_InvalidCredintials" finished-at="2023-02-23T23:25:28 IST" duration-ms="266" status="PASS">
          <reporter-output>
          </reporter-output>
        </test-method> <!-- LoginWithInValid_InvalidCredintials -->
        <test-method is-config="true" signature="quitBrowser()[pri:0, instance:facegenieTesting.testLoginFacegenie@2ed2d9cb]" started-at="2023-02-23T23:25:28 IST" name="quitBrowser" finished-at="2023-02-23T23:25:28 IST" duration-ms="208" status="PASS">
          <reporter-output>
          </reporter-output>
        </test-method> <!-- quitBrowser -->
      </class> <!-- facegenieTesting.testLoginFacegenie -->
    </test> <!-- Default test -->
  </suite> <!-- Default suite -->
</testng-results>
